mode: set
user_service/internal/handler/rest_handler.go:22.66,28.2 2 0
user_service/internal/handler/rest_handler.go:30.74,33.16 3 0
user_service/internal/handler/rest_handler.go:33.16,38.3 3 0
user_service/internal/handler/rest_handler.go:40.2,49.16 8 0
user_service/internal/handler/rest_handler.go:49.16,54.3 3 0
user_service/internal/handler/rest_handler.go:56.2,65.37 5 0
user_service/internal/handler/rest_handler.go:68.69,71.16 3 0
user_service/internal/handler/rest_handler.go:71.16,76.3 3 0
user_service/internal/handler/rest_handler.go:78.2,83.16 5 0
user_service/internal/handler/rest_handler.go:83.16,86.40 2 0
user_service/internal/handler/rest_handler.go:86.40,88.4 1 0
user_service/internal/handler/rest_handler.go:88.9,90.4 1 0
user_service/internal/handler/rest_handler.go:92.3,92.9 1 0
user_service/internal/handler/rest_handler.go:95.2,105.37 6 0
user_service/internal/handler/rest_handler.go:108.75,114.44 4 0
user_service/internal/handler/rest_handler.go:114.44,118.3 3 0
user_service/internal/handler/rest_handler.go:120.2,122.16 3 0
user_service/internal/handler/rest_handler.go:122.16,125.49 2 0
user_service/internal/handler/rest_handler.go:125.49,127.4 1 0
user_service/internal/handler/rest_handler.go:127.9,129.4 1 0
user_service/internal/handler/rest_handler.go:130.3,130.9 1 0
user_service/internal/handler/rest_handler.go:133.2,142.37 5 0
user_service/internal/handler/rest_handler.go:145.75,148.16 3 0
user_service/internal/handler/rest_handler.go:148.16,153.3 3 0
user_service/internal/handler/rest_handler.go:155.2,164.37 5 0
user_service/internal/service/user_service.go:26.75,32.2 2 0
user_service/internal/service/user_service.go:34.96,47.16 4 0
user_service/internal/service/user_service.go:47.16,49.3 1 0
user_service/internal/service/user_service.go:50.2,50.20 1 0
user_service/internal/service/user_service.go:53.72,55.16 2 0
user_service/internal/service/user_service.go:55.16,57.3 1 0
user_service/internal/service/user_service.go:59.2,59.57 1 0
user_service/internal/service/user_service.go:59.57,61.3 1 0
user_service/internal/service/user_service.go:63.2,71.19 2 0
user_service/internal/service/user_service.go:74.68,76.16 2 0
user_service/internal/service/user_service.go:76.16,78.3 1 0
user_service/internal/service/user_service.go:79.2,79.18 1 0
user_service/internal/service/user_service.go:82.61,84.16 2 0
user_service/internal/service/user_service.go:84.16,86.3 1 0
user_service/internal/service/user_service.go:87.2,87.19 1 0
user_service/internal/repository/user_repository.go:21.52,27.2 2 1
user_service/internal/repository/user_repository.go:29.72,31.16 2 1
user_service/internal/repository/user_repository.go:31.16,33.3 1 1
user_service/internal/repository/user_repository.go:35.2,35.21 1 0
user_service/internal/repository/user_repository.go:38.71,41.16 3 0
user_service/internal/repository/user_repository.go:41.16,43.3 1 0
user_service/internal/repository/user_repository.go:44.2,44.19 1 0
user_service/internal/repository/user_repository.go:47.71,50.16 3 0
user_service/internal/repository/user_repository.go:50.16,52.3 1 0
user_service/internal/repository/user_repository.go:53.2,53.19 1 0
user_service/internal/repository/user_repository.go:56.64,59.16 3 0
user_service/internal/repository/user_repository.go:59.16,61.3 1 0
user_service/internal/repository/user_repository.go:62.2,62.19 1 0
