mode: set
server_administration_service/internal/repository/server_crud_repository.go:24.64,28.2 1 1
server_administration_service/internal/repository/server_crud_repository.go:30.84,32.18 2 1
server_administration_service/internal/repository/server_crud_repository.go:32.18,34.3 1 1
server_administration_service/internal/repository/server_crud_repository.go:53.2,53.29 1 1
server_administration_service/internal/repository/server_crud_repository.go:56.113,61.33 2 1
server_administration_service/internal/repository/server_crud_repository.go:61.33,65.25 2 1
server_administration_service/internal/repository/server_crud_repository.go:65.25,67.4 1 1
server_administration_service/internal/repository/server_crud_repository.go:70.2,74.16 4 1
server_administration_service/internal/repository/server_crud_repository.go:74.16,77.3 2 1
server_administration_service/internal/repository/server_crud_repository.go:80.2,83.32 3 1
server_administration_service/internal/repository/server_crud_repository.go:83.32,86.3 2 1
server_administration_service/internal/repository/server_crud_repository.go:88.2,88.33 1 1
server_administration_service/internal/repository/server_crud_repository.go:88.33,89.36 1 1
server_administration_service/internal/repository/server_crud_repository.go:89.36,91.4 1 1
server_administration_service/internal/repository/server_crud_repository.go:94.2,94.47 1 1
server_administration_service/internal/repository/server_crud_repository.go:97.150,101.33 3 1
server_administration_service/internal/repository/server_crud_repository.go:101.33,103.3 1 1
server_administration_service/internal/repository/server_crud_repository.go:105.2,105.35 1 1
server_administration_service/internal/repository/server_crud_repository.go:105.35,107.3 1 1
server_administration_service/internal/repository/server_crud_repository.go:109.2,109.31 1 1
server_administration_service/internal/repository/server_crud_repository.go:109.31,111.3 1 1
server_administration_service/internal/repository/server_crud_repository.go:113.2,113.29 1 1
server_administration_service/internal/repository/server_crud_repository.go:113.29,115.3 1 1
server_administration_service/internal/repository/server_crud_repository.go:118.2,119.16 2 1
server_administration_service/internal/repository/server_crud_repository.go:119.16,121.3 1 1
server_administration_service/internal/repository/server_crud_repository.go:123.2,123.21 1 1
server_administration_service/internal/repository/server_crud_repository.go:126.104,129.42 1 1
server_administration_service/internal/repository/server_crud_repository.go:129.42,131.4 1 1
server_administration_service/internal/repository/server_crud_repository.go:133.2,133.12 1 1
server_administration_service/internal/repository/server_crud_repository.go:136.68,137.93 1 1
server_administration_service/internal/repository/server_crud_repository.go:137.93,139.3 1 1
server_administration_service/internal/repository/server_crud_repository.go:141.2,141.12 1 1
server_administration_service/internal/repository/server_grpc_repository.go:18.64,22.2 1 1
server_administration_service/internal/repository/server_grpc_repository.go:24.82,28.44 2 1
server_administration_service/internal/repository/server_grpc_repository.go:28.44,30.4 1 1
server_administration_service/internal/repository/server_grpc_repository.go:32.2,32.29 1 1
server_administration_service/internal/repository/server_info_repository.go:28.90,33.2 1 1
server_administration_service/internal/repository/server_info_repository.go:35.61,37.78 2 1
server_administration_service/internal/repository/server_info_repository.go:37.78,40.3 2 1
server_administration_service/internal/repository/server_info_repository.go:42.2,42.29 1 1
server_administration_service/internal/repository/server_info_repository.go:45.63,47.106 2 1
server_administration_service/internal/repository/server_info_repository.go:47.106,50.3 2 1
server_administration_service/internal/repository/server_info_repository.go:52.2,52.31 1 1
server_administration_service/internal/repository/server_info_repository.go:55.64,57.108 2 1
server_administration_service/internal/repository/server_info_repository.go:57.108,60.3 2 1
server_administration_service/internal/repository/server_info_repository.go:62.2,62.32 1 1
server_administration_service/internal/repository/server_info_repository.go:65.100,67.18 2 0
server_administration_service/internal/repository/server_info_repository.go:67.18,70.3 2 0
server_administration_service/internal/repository/server_info_repository.go:72.2,73.18 2 0
server_administration_service/internal/repository/server_info_repository.go:73.18,76.3 2 0
server_administration_service/internal/repository/server_info_repository.go:78.2,144.60 3 0
server_administration_service/internal/repository/server_info_repository.go:144.60,147.3 2 0
server_administration_service/internal/repository/server_info_repository.go:149.2,154.16 2 0
server_administration_service/internal/repository/server_info_repository.go:154.16,157.3 2 0
server_administration_service/internal/repository/server_info_repository.go:159.2,162.67 3 0
server_administration_service/internal/repository/server_info_repository.go:162.67,165.3 2 0
server_administration_service/internal/repository/server_info_repository.go:167.2,167.28 1 0
server_administration_service/internal/repository/server_info_repository.go:167.28,170.3 2 0
server_administration_service/internal/repository/server_info_repository.go:172.2,175.28 3 0
server_administration_service/internal/repository/server_info_repository.go:175.28,184.27 6 0
server_administration_service/internal/repository/server_info_repository.go:184.27,185.23 1 0
server_administration_service/internal/repository/server_info_repository.go:186.14,187.25 1 0
server_administration_service/internal/repository/server_info_repository.go:188.15,189.24 1 0
server_administration_service/internal/repository/server_info_repository.go:193.3,199.26 5 0
server_administration_service/internal/repository/server_info_repository.go:199.26,201.4 1 0
server_administration_service/internal/repository/server_info_repository.go:203.3,203.28 1 0
server_administration_service/internal/repository/server_info_repository.go:203.28,205.4 1 0
server_administration_service/internal/repository/server_info_repository.go:207.3,210.35 3 0
server_administration_service/internal/repository/server_info_repository.go:215.2,215.38 1 0
server_administration_service/internal/repository/server_kafka_repository.go:26.92,31.2 1 0
server_administration_service/internal/repository/server_kafka_repository.go:33.80,34.118 1 0
server_administration_service/internal/repository/server_kafka_repository.go:34.118,36.3 1 0
server_administration_service/internal/repository/server_kafka_repository.go:38.2,45.16 3 0
server_administration_service/internal/repository/server_kafka_repository.go:45.16,47.3 1 0
server_administration_service/internal/repository/server_kafka_repository.go:49.2,56.16 3 0
server_administration_service/internal/repository/server_kafka_repository.go:56.16,58.3 1 0
server_administration_service/internal/repository/server_kafka_repository.go:59.2,61.19 2 0
server_administration_service/internal/repository/server_kafka_repository.go:61.19,63.3 1 0
server_administration_service/internal/repository/server_kafka_repository.go:65.2,65.12 1 0
server_administration_service/internal/repository/test_utils.go:12.68,22.20 6 1
server_administration_service/internal/repository/test_utils.go:22.20,24.3 1 1
server_administration_service/internal/repository/test_utils.go:25.2,25.30 1 1
server_administration_service/internal/service/server_crud_service.go:29.99,33.2 1 1
server_administration_service/internal/service/server_crud_service.go:35.95,44.16 3 1
server_administration_service/internal/service/server_crud_service.go:44.16,46.3 1 1
server_administration_service/internal/service/server_crud_service.go:47.2,47.16 1 1
server_administration_service/internal/service/server_crud_service.go:50.147,52.16 2 1
server_administration_service/internal/service/server_crud_service.go:52.16,54.3 1 1
server_administration_service/internal/service/server_crud_service.go:55.2,55.21 1 1
server_administration_service/internal/service/server_crud_service.go:58.102,61.2 2 1
server_administration_service/internal/service/server_crud_service.go:63.66,66.2 2 1
server_administration_service/internal/service/server_crud_service.go:68.97,70.16 2 1
server_administration_service/internal/service/server_crud_service.go:70.16,73.3 2 1
server_administration_service/internal/service/server_crud_service.go:75.2,76.16 2 1
server_administration_service/internal/service/server_crud_service.go:76.16,79.3 2 1
server_administration_service/internal/service/server_crud_service.go:81.2,81.19 1 1
server_administration_service/internal/service/server_crud_service.go:81.19,84.3 2 1
server_administration_service/internal/service/server_crud_service.go:86.2,92.31 5 1
server_administration_service/internal/service/server_crud_service.go:92.31,93.25 1 1
server_administration_service/internal/service/server_crud_service.go:93.25,95.4 1 1
server_administration_service/internal/service/server_crud_service.go:95.9,95.34 1 1
server_administration_service/internal/service/server_crud_service.go:95.34,97.4 1 1
server_administration_service/internal/service/server_crud_service.go:97.9,97.27 1 1
server_administration_service/internal/service/server_crud_service.go:97.27,99.4 1 1
server_administration_service/internal/service/server_crud_service.go:102.2,102.66 1 1
server_administration_service/internal/service/server_crud_service.go:102.66,105.3 2 1
server_administration_service/internal/service/server_crud_service.go:107.2,107.31 1 1
server_administration_service/internal/service/server_crud_service.go:107.31,120.3 5 1
server_administration_service/internal/service/server_crud_service.go:122.2,123.16 2 1
server_administration_service/internal/service/server_crud_service.go:123.16,126.3 2 1
server_administration_service/internal/service/server_crud_service.go:128.2,129.49 2 1
server_administration_service/internal/service/server_crud_service.go:132.140,134.16 2 1
server_administration_service/internal/service/server_crud_service.go:134.16,137.3 2 1
server_administration_service/internal/service/server_crud_service.go:139.2,144.33 5 1
server_administration_service/internal/service/server_crud_service.go:144.33,147.3 2 1
server_administration_service/internal/service/server_crud_service.go:149.2,149.33 1 1
server_administration_service/internal/service/server_crud_service.go:149.33,154.3 4 1
server_administration_service/internal/service/server_crud_service.go:156.2,160.25 4 1
server_administration_service/internal/service/server_grpc_service.go:16.99,20.2 1 1
server_administration_service/internal/service/server_grpc_service.go:22.79,24.2 1 1
server_administration_service/internal/service/server_info_service.go:18.99,22.2 1 1
server_administration_service/internal/service/server_info_service.go:24.58,26.2 1 1
server_administration_service/internal/service/server_info_service.go:28.60,30.2 1 1
server_administration_service/internal/service/server_info_service.go:32.61,34.2 1 1
server_administration_service/internal/service/server_info_service.go:36.98,38.16 2 1
server_administration_service/internal/service/server_info_service.go:38.16,40.3 1 1
server_administration_service/internal/service/server_info_service.go:41.2,42.16 2 1
server_administration_service/internal/service/server_info_service.go:42.16,44.3 1 1
server_administration_service/internal/service/server_info_service.go:45.2,45.21 1 1
server_administration_service/internal/service/server_info_service.go:45.21,47.3 1 1
server_administration_service/internal/service/server_info_service.go:48.2,48.50 1 1
server_administration_service/internal/service/server_kafka_service.go:15.102,19.2 1 1
server_administration_service/internal/service/server_kafka_service.go:21.77,23.2 1 1
server_administration_service/internal/handler/server_grpc_handler.go:17.136,22.2 1 1
server_administration_service/internal/handler/server_grpc_handler.go:24.134,28.16 3 1
server_administration_service/internal/handler/server_grpc_handler.go:28.16,31.3 2 1
server_administration_service/internal/handler/server_grpc_handler.go:33.2,36.48 3 1
server_administration_service/internal/handler/server_grpc_handler.go:36.48,42.3 1 1
server_administration_service/internal/handler/server_grpc_handler.go:44.2,44.36 1 1
server_administration_service/internal/handler/server_grpc_handler.go:47.139,49.16 2 1
server_administration_service/internal/handler/server_grpc_handler.go:49.16,52.3 2 1
server_administration_service/internal/handler/server_grpc_handler.go:54.2,55.16 2 1
server_administration_service/internal/handler/server_grpc_handler.go:55.16,58.3 2 1
server_administration_service/internal/handler/server_grpc_handler.go:60.2,61.16 2 1
server_administration_service/internal/handler/server_grpc_handler.go:61.16,64.3 2 1
server_administration_service/internal/handler/server_grpc_handler.go:66.2,67.16 2 1
server_administration_service/internal/handler/server_grpc_handler.go:67.16,70.3 2 1
server_administration_service/internal/handler/server_grpc_handler.go:72.2,77.8 1 1
server_administration_service/internal/handler/server_kafka_handler.go:15.101,19.2 1 1
server_administration_service/internal/handler/server_kafka_handler.go:21.73,23.2 1 1
server_administration_service/internal/handler/server_kafka_handler.go:25.75,27.2 1 1
server_administration_service/internal/handler/server_kafka_handler.go:29.121,34.40 3 1
server_administration_service/internal/handler/server_kafka_handler.go:34.40,38.44 2 1
server_administration_service/internal/handler/server_kafka_handler.go:38.44,40.17 1 1
server_administration_service/internal/handler/server_kafka_handler.go:40.17,40.32 1 1
server_administration_service/internal/handler/server_kafka_handler.go:42.4,51.72 4 1
server_administration_service/internal/handler/server_kafka_handler.go:51.72,54.5 2 1
server_administration_service/internal/handler/server_kafka_handler.go:57.4,60.18 3 1
server_administration_service/internal/handler/server_kafka_handler.go:60.18,64.5 1 1
server_administration_service/internal/handler/server_kafka_handler.go:66.4,66.110 1 1
server_administration_service/internal/handler/server_kafka_handler.go:70.2,70.12 1 1
server_administration_service/internal/handler/server_rest_handler.go:28.80,32.2 1 1
server_administration_service/internal/handler/server_rest_handler.go:34.82,38.16 3 1
server_administration_service/internal/handler/server_rest_handler.go:38.16,42.3 3 1
server_administration_service/internal/handler/server_rest_handler.go:44.2,49.16 5 1
server_administration_service/internal/handler/server_rest_handler.go:49.16,53.3 3 1
server_administration_service/internal/handler/server_rest_handler.go:55.2,62.37 5 1
server_administration_service/internal/handler/server_rest_handler.go:65.81,68.16 3 1
server_administration_service/internal/handler/server_rest_handler.go:68.16,73.3 4 1
server_administration_service/internal/handler/server_rest_handler.go:75.2,77.16 3 1
server_administration_service/internal/handler/server_rest_handler.go:77.16,82.3 4 1
server_administration_service/internal/handler/server_rest_handler.go:84.2,94.20 8 1
server_administration_service/internal/handler/server_rest_handler.go:94.20,96.3 1 1
server_administration_service/internal/handler/server_rest_handler.go:97.2,97.22 1 1
server_administration_service/internal/handler/server_rest_handler.go:97.22,99.3 1 1
server_administration_service/internal/handler/server_rest_handler.go:100.2,100.18 1 1
server_administration_service/internal/handler/server_rest_handler.go:100.18,102.3 1 1
server_administration_service/internal/handler/server_rest_handler.go:103.2,103.16 1 1
server_administration_service/internal/handler/server_rest_handler.go:103.16,105.3 1 1
server_administration_service/internal/handler/server_rest_handler.go:107.2,108.16 2 1
server_administration_service/internal/handler/server_rest_handler.go:108.16,112.3 3 1
server_administration_service/internal/handler/server_rest_handler.go:114.2,119.19 5 1
server_administration_service/internal/handler/server_rest_handler.go:122.82,124.20 2 1
server_administration_service/internal/handler/server_rest_handler.go:124.20,128.3 3 1
server_administration_service/internal/handler/server_rest_handler.go:130.2,132.16 3 1
server_administration_service/internal/handler/server_rest_handler.go:132.16,136.3 3 1
server_administration_service/internal/handler/server_rest_handler.go:138.2,140.13 3 1
server_administration_service/internal/handler/server_rest_handler.go:140.13,142.3 1 1
server_administration_service/internal/handler/server_rest_handler.go:144.2,145.13 2 1
server_administration_service/internal/handler/server_rest_handler.go:145.13,147.3 1 1
server_administration_service/internal/handler/server_rest_handler.go:149.2,150.16 2 1
server_administration_service/internal/handler/server_rest_handler.go:150.16,154.3 3 1
server_administration_service/internal/handler/server_rest_handler.go:156.2,158.48 3 1
server_administration_service/internal/handler/server_rest_handler.go:161.82,163.20 2 1
server_administration_service/internal/handler/server_rest_handler.go:163.20,167.3 3 1
server_administration_service/internal/handler/server_rest_handler.go:169.2,170.16 2 1
server_administration_service/internal/handler/server_rest_handler.go:170.16,174.3 3 1
server_administration_service/internal/handler/server_rest_handler.go:176.2,178.48 3 1
server_administration_service/internal/handler/server_rest_handler.go:181.83,184.16 2 1
server_administration_service/internal/handler/server_rest_handler.go:184.16,188.3 3 1
server_administration_service/internal/handler/server_rest_handler.go:189.2,193.16 4 1
server_administration_service/internal/handler/server_rest_handler.go:193.16,197.3 3 0
server_administration_service/internal/handler/server_rest_handler.go:199.2,200.16 2 1
server_administration_service/internal/handler/server_rest_handler.go:200.16,204.3 3 1
server_administration_service/internal/handler/server_rest_handler.go:206.2,216.23 6 1
server_administration_service/internal/handler/server_rest_handler.go:219.83,222.16 3 1
server_administration_service/internal/handler/server_rest_handler.go:222.16,227.3 4 1
server_administration_service/internal/handler/server_rest_handler.go:229.2,231.16 3 1
server_administration_service/internal/handler/server_rest_handler.go:231.16,236.3 4 1
server_administration_service/internal/handler/server_rest_handler.go:238.2,248.20 8 1
server_administration_service/internal/handler/server_rest_handler.go:248.20,250.3 1 1
server_administration_service/internal/handler/server_rest_handler.go:251.2,251.22 1 1
server_administration_service/internal/handler/server_rest_handler.go:251.22,253.3 1 1
server_administration_service/internal/handler/server_rest_handler.go:254.2,254.18 1 1
server_administration_service/internal/handler/server_rest_handler.go:254.18,256.3 1 1
server_administration_service/internal/handler/server_rest_handler.go:257.2,257.16 1 1
server_administration_service/internal/handler/server_rest_handler.go:257.16,259.3 1 1
server_administration_service/internal/handler/server_rest_handler.go:261.2,262.16 2 1
server_administration_service/internal/handler/server_rest_handler.go:262.16,266.3 3 1
server_administration_service/internal/handler/server_rest_handler.go:268.2,275.20 7 1
